<?xml version="1.0" encoding="UTF-8"?>
<testng-results skipped="0" failed="0" ignored="0" total="1" passed="1">
  <reporter-output>
  </reporter-output>
  <suite name="ECS Automation Test Suite" duration-ms="5852" started-at="2021-11-10T11:01:01Z" finished-at="2021-11-10T11:01:07Z">
    <groups>
    </groups>
    <test name="ECS Test Cases" duration-ms="5852" started-at="2021-11-10T11:01:01Z" finished-at="2021-11-10T11:01:07Z">
      <class name="com.ecs.techtest.testpages.ArrayChallengeTest">
        <test-method status="PASS" signature="setUp()[pri:0, instance:com.ecs.techtest.testpages.ArrayChallengeTest@1832929]" name="setUp" is-config="true" duration-ms="2728" started-at="2021-11-10T11:01:01Z" finished-at="2021-11-10T11:01:04Z">
          <reporter-output>
          </reporter-output>
        </test-method> <!-- setUp -->
        <test-method status="PASS" signature="verifyArrayChallenge()[pri:1, instance:com.ecs.techtest.testpages.ArrayChallengeTest@1832929]" name="verifyArrayChallenge" duration-ms="3025" started-at="2021-11-10T11:01:04Z" finished-at="2021-11-10T11:01:07Z">
          <reporter-output>
          </reporter-output>
        </test-method> <!-- verifyArrayChallenge -->
        <test-method status="PASS" signature="tearDown()[pri:0, instance:com.ecs.techtest.testpages.ArrayChallengeTest@1832929]" name="tearDown" is-config="true" duration-ms="84" started-at="2021-11-10T11:01:07Z" finished-at="2021-11-10T11:01:07Z">
          <reporter-output>
          </reporter-output>
        </test-method> <!-- tearDown -->
      </class> <!-- com.ecs.techtest.testpages.ArrayChallengeTest -->
    </test> <!-- ECS Test Cases -->
  </suite> <!-- ECS Automation Test Suite -->
</testng-results>
